<?xml version="1.0" encoding="UTF-8"?>
<testng-results ignored="0" total="9" passed="8" failed="1" skipped="0">
  <reporter-output>
  </reporter-output>
  <suite started-at="2023-01-02T15:27:19Z" name="Default suite" finished-at="2023-01-02T15:29:20Z" duration-ms="121040">
    <groups>
    </groups>
    <test started-at="2023-01-02T15:27:19Z" name="Default test" finished-at="2023-01-02T15:29:20Z" duration-ms="121040">
      <class name="regression.InventoryCategoryTest">
        <test-method is-config="true" signature="beforeSuite()[pri:0, instance:regression.InventoryCategoryTest@7b02881e]" started-at="2023-01-02T15:27:19Z" name="beforeSuite" finished-at="2023-01-02T15:27:19Z" duration-ms="349" status="PASS">
          <reporter-output>
          </reporter-output>
        </test-method> <!-- beforeSuite -->
        <test-method is-config="true" signature="beforeClassOfA()[pri:0, instance:regression.InventoryCategoryTest@7b02881e]" started-at="2023-01-02T15:27:19Z" name="beforeClassOfA" finished-at="2023-01-02T15:28:50Z" duration-ms="90651" status="PASS">
          <reporter-output>
          </reporter-output>
        </test-method> <!-- beforeClassOfA -->
        <test-method is-config="true" signature="beforeMethod(java.lang.reflect.Method)[pri:0, instance:regression.InventoryCategoryTest@7b02881e]" started-at="2023-01-02T15:28:50Z" name="beforeMethod" finished-at="2023-01-02T15:28:50Z" duration-ms="2" status="PASS">
          <params>
            <param index="0">
              <value>
                <![CDATA[public void regression.InventoryCategoryTest.verifyNewCategoryCanBeAddedOnCategoryPage()]]>
              </value>
            </param>
          </params>
          <reporter-output>
          </reporter-output>
        </test-method> <!-- beforeMethod -->
        <test-method signature="verifyNewCategoryCanBeAddedOnCategoryPage()[pri:1, instance:regression.InventoryCategoryTest@7b02881e]" started-at="2023-01-02T15:28:50Z" name="verifyNewCategoryCanBeAddedOnCategoryPage" finished-at="2023-01-02T15:28:56Z" duration-ms="5579" status="PASS">
          <reporter-output>
          </reporter-output>
        </test-method> <!-- verifyNewCategoryCanBeAddedOnCategoryPage -->
        <test-method is-config="true" signature="afterMethod(org.testng.ITestResult)[pri:0, instance:regression.InventoryCategoryTest@7b02881e]" started-at="2023-01-02T15:28:56Z" name="afterMethod" finished-at="2023-01-02T15:28:56Z" duration-ms="48" status="PASS">
          <params>
            <param index="0">
              <value>
                <![CDATA[[TestResult name=verifyNewCategoryCanBeAddedOnCategoryPage status=SUCCESS method=InventoryCategoryTest.verifyNewCategoryCanBeAddedOnCategoryPage()[pri:1, instance:regression.InventoryCategoryTest@7b02881e] output={null}]]]>
              </value>
            </param>
          </params>
          <reporter-output>
          </reporter-output>
        </test-method> <!-- afterMethod -->
        <test-method is-config="true" signature="beforeMethod(java.lang.reflect.Method)[pri:0, instance:regression.InventoryCategoryTest@7b02881e]" started-at="2023-01-02T15:28:56Z" name="beforeMethod" finished-at="2023-01-02T15:28:56Z" duration-ms="0" status="PASS">
          <params>
            <param index="0">
              <value>
                <![CDATA[public void regression.InventoryCategoryTest.verifyCountGetsIncreasedAfterAddingNewCategory()]]>
              </value>
            </param>
          </params>
          <reporter-output>
          </reporter-output>
        </test-method> <!-- beforeMethod -->
        <test-method signature="verifyCountGetsIncreasedAfterAddingNewCategory()[pri:2, instance:regression.InventoryCategoryTest@7b02881e]" started-at="2023-01-02T15:28:56Z" name="verifyCountGetsIncreasedAfterAddingNewCategory" finished-at="2023-01-02T15:28:56Z" duration-ms="134" status="PASS">
          <reporter-output>
          </reporter-output>
        </test-method> <!-- verifyCountGetsIncreasedAfterAddingNewCategory -->
        <test-method is-config="true" signature="afterMethod(org.testng.ITestResult)[pri:0, instance:regression.InventoryCategoryTest@7b02881e]" started-at="2023-01-02T15:28:56Z" name="afterMethod" finished-at="2023-01-02T15:28:56Z" duration-ms="0" status="PASS">
          <params>
            <param index="0">
              <value>
                <![CDATA[[TestResult name=verifyCountGetsIncreasedAfterAddingNewCategory status=SUCCESS method=InventoryCategoryTest.verifyCountGetsIncreasedAfterAddingNewCategory()[pri:2, instance:regression.InventoryCategoryTest@7b02881e] output={null}]]]>
              </value>
            </param>
          </params>
          <reporter-output>
          </reporter-output>
        </test-method> <!-- afterMethod -->
        <test-method signature="verifyNewlyAddedCategoryIsDisplayedOnCategoryPage()[pri:3, instance:regression.InventoryCategoryTest@7b02881e]" started-at="2023-01-02T15:28:56Z" name="verifyNewlyAddedCategoryIsDisplayedOnCategoryPage" finished-at="2023-01-02T15:28:57Z" duration-ms="1094" status="PASS">
          <reporter-output>
          </reporter-output>
        </test-method> <!-- verifyNewlyAddedCategoryIsDisplayedOnCategoryPage -->
        <test-method is-config="true" signature="beforeMethod(java.lang.reflect.Method)[pri:0, instance:regression.InventoryCategoryTest@7b02881e]" started-at="2023-01-02T15:28:56Z" name="beforeMethod" finished-at="2023-01-02T15:28:56Z" duration-ms="0" status="PASS">
          <params>
            <param index="0">
              <value>
                <![CDATA[public void regression.InventoryCategoryTest.verifyNewlyAddedCategoryIsDisplayedOnCategoryPage()]]>
              </value>
            </param>
          </params>
          <reporter-output>
          </reporter-output>
        </test-method> <!-- beforeMethod -->
        <test-method is-config="true" signature="afterMethod(org.testng.ITestResult)[pri:0, instance:regression.InventoryCategoryTest@7b02881e]" started-at="2023-01-02T15:28:57Z" name="afterMethod" finished-at="2023-01-02T15:28:57Z" duration-ms="1" status="PASS">
          <params>
            <param index="0">
              <value>
                <![CDATA[[TestResult name=verifyNewlyAddedCategoryIsDisplayedOnCategoryPage status=SUCCESS method=InventoryCategoryTest.verifyNewlyAddedCategoryIsDisplayedOnCategoryPage()[pri:3, instance:regression.InventoryCategoryTest@7b02881e] output={null}]]]>
              </value>
            </param>
          </params>
          <reporter-output>
          </reporter-output>
        </test-method> <!-- afterMethod -->
        <test-method is-config="true" signature="beforeMethod(java.lang.reflect.Method)[pri:0, instance:regression.InventoryCategoryTest@7b02881e]" started-at="2023-01-02T15:28:57Z" name="beforeMethod" finished-at="2023-01-02T15:28:57Z" duration-ms="0" status="PASS">
          <params>
            <param index="0">
              <value>
                <![CDATA[public void regression.InventoryCategoryTest.verifyUserCanUpdateExistingCategory()]]>
              </value>
            </param>
          </params>
          <reporter-output>
          </reporter-output>
        </test-method> <!-- beforeMethod -->
        <test-method signature="verifyUserCanUpdateExistingCategory()[pri:4, instance:regression.InventoryCategoryTest@7b02881e]" started-at="2023-01-02T15:28:57Z" name="verifyUserCanUpdateExistingCategory" finished-at="2023-01-02T15:28:59Z" duration-ms="1875" status="PASS">
          <reporter-output>
          </reporter-output>
        </test-method> <!-- verifyUserCanUpdateExistingCategory -->
        <test-method is-config="true" signature="afterMethod(org.testng.ITestResult)[pri:0, instance:regression.InventoryCategoryTest@7b02881e]" started-at="2023-01-02T15:28:59Z" name="afterMethod" finished-at="2023-01-02T15:28:59Z" duration-ms="1" status="PASS">
          <params>
            <param index="0">
              <value>
                <![CDATA[[TestResult name=verifyUserCanUpdateExistingCategory status=SUCCESS method=InventoryCategoryTest.verifyUserCanUpdateExistingCategory()[pri:4, instance:regression.InventoryCategoryTest@7b02881e] output={null}]]]>
              </value>
            </param>
          </params>
          <reporter-output>
          </reporter-output>
        </test-method> <!-- afterMethod -->
        <test-method is-config="true" signature="beforeMethod(java.lang.reflect.Method)[pri:0, instance:regression.InventoryCategoryTest@7b02881e]" started-at="2023-01-02T15:28:59Z" name="beforeMethod" finished-at="2023-01-02T15:28:59Z" duration-ms="0" status="PASS">
          <params>
            <param index="0">
              <value>
                <![CDATA[public void regression.InventoryCategoryTest.verifyCountWillNotChangeAfterEditingNewCategory()]]>
              </value>
            </param>
          </params>
          <reporter-output>
          </reporter-output>
        </test-method> <!-- beforeMethod -->
        <test-method signature="verifyCountWillNotChangeAfterEditingNewCategory()[pri:5, instance:regression.InventoryCategoryTest@7b02881e]" started-at="2023-01-02T15:28:59Z" name="verifyCountWillNotChangeAfterEditingNewCategory" finished-at="2023-01-02T15:28:59Z" duration-ms="45" status="PASS">
          <reporter-output>
          </reporter-output>
        </test-method> <!-- verifyCountWillNotChangeAfterEditingNewCategory -->
        <test-method is-config="true" signature="afterMethod(org.testng.ITestResult)[pri:0, instance:regression.InventoryCategoryTest@7b02881e]" started-at="2023-01-02T15:28:59Z" name="afterMethod" finished-at="2023-01-02T15:28:59Z" duration-ms="0" status="PASS">
          <params>
            <param index="0">
              <value>
                <![CDATA[[TestResult name=verifyCountWillNotChangeAfterEditingNewCategory status=SUCCESS method=InventoryCategoryTest.verifyCountWillNotChangeAfterEditingNewCategory()[pri:5, instance:regression.InventoryCategoryTest@7b02881e] output={null}]]]>
              </value>
            </param>
          </params>
          <reporter-output>
          </reporter-output>
        </test-method> <!-- afterMethod -->
        <test-method is-config="true" signature="beforeMethod(java.lang.reflect.Method)[pri:0, instance:regression.InventoryCategoryTest@7b02881e]" started-at="2023-01-02T15:28:59Z" name="beforeMethod" finished-at="2023-01-02T15:28:59Z" duration-ms="0" status="PASS">
          <params>
            <param index="0">
              <value>
                <![CDATA[public void regression.InventoryCategoryTest.verifyUpdatedCategoryIsDisplayedOnCategoryPage()]]>
              </value>
            </param>
          </params>
          <reporter-output>
          </reporter-output>
        </test-method> <!-- beforeMethod -->
        <test-method signature="verifyUpdatedCategoryIsDisplayedOnCategoryPage()[pri:6, instance:regression.InventoryCategoryTest@7b02881e]" started-at="2023-01-02T15:28:59Z" name="verifyUpdatedCategoryIsDisplayedOnCategoryPage" finished-at="2023-01-02T15:29:11Z" duration-ms="11681" status="PASS">
          <reporter-output>
          </reporter-output>
        </test-method> <!-- verifyUpdatedCategoryIsDisplayedOnCategoryPage -->
        <test-method is-config="true" signature="afterMethod(org.testng.ITestResult)[pri:0, instance:regression.InventoryCategoryTest@7b02881e]" started-at="2023-01-02T15:29:11Z" name="afterMethod" finished-at="2023-01-02T15:29:11Z" duration-ms="1" status="PASS">
          <params>
            <param index="0">
              <value>
                <![CDATA[[TestResult name=verifyUpdatedCategoryIsDisplayedOnCategoryPage status=SUCCESS method=InventoryCategoryTest.verifyUpdatedCategoryIsDisplayedOnCategoryPage()[pri:6, instance:regression.InventoryCategoryTest@7b02881e] output={null}]]]>
              </value>
            </param>
          </params>
          <reporter-output>
          </reporter-output>
        </test-method> <!-- afterMethod -->
        <test-method is-config="true" signature="beforeMethod(java.lang.reflect.Method)[pri:0, instance:regression.InventoryCategoryTest@7b02881e]" started-at="2023-01-02T15:29:11Z" name="beforeMethod" finished-at="2023-01-02T15:29:11Z" duration-ms="1" status="PASS">
          <params>
            <param index="0">
              <value>
                <![CDATA[public void regression.InventoryCategoryTest.verifyUserCanDeleteExistingCategoryFromCategoryPage()]]>
              </value>
            </param>
          </params>
          <reporter-output>
          </reporter-output>
        </test-method> <!-- beforeMethod -->
        <test-method signature="verifyUserCanDeleteExistingCategoryFromCategoryPage()[pri:7, instance:regression.InventoryCategoryTest@7b02881e]" started-at="2023-01-02T15:29:11Z" name="verifyUserCanDeleteExistingCategoryFromCategoryPage" finished-at="2023-01-02T15:29:16Z" duration-ms="5316" status="PASS">
          <reporter-output>
          </reporter-output>
        </test-method> <!-- verifyUserCanDeleteExistingCategoryFromCategoryPage -->
        <test-method is-config="true" signature="afterMethod(org.testng.ITestResult)[pri:0, instance:regression.InventoryCategoryTest@7b02881e]" started-at="2023-01-02T15:29:16Z" name="afterMethod" finished-at="2023-01-02T15:29:16Z" duration-ms="0" status="PASS">
          <params>
            <param index="0">
              <value>
                <![CDATA[[TestResult name=verifyUserCanDeleteExistingCategoryFromCategoryPage status=SUCCESS method=InventoryCategoryTest.verifyUserCanDeleteExistingCategoryFromCategoryPage()[pri:7, instance:regression.InventoryCategoryTest@7b02881e] output={null}]]]>
              </value>
            </param>
          </params>
          <reporter-output>
          </reporter-output>
        </test-method> <!-- afterMethod -->
        <test-method is-config="true" signature="beforeMethod(java.lang.reflect.Method)[pri:0, instance:regression.InventoryCategoryTest@7b02881e]" started-at="2023-01-02T15:29:16Z" name="beforeMethod" finished-at="2023-01-02T15:29:16Z" duration-ms="1" status="PASS">
          <params>
            <param index="0">
              <value>
                <![CDATA[public void regression.InventoryCategoryTest.verifyCountOfRecordsWillGetReducedAfterDeletingCategory()]]>
              </value>
            </param>
          </params>
          <reporter-output>
          </reporter-output>
        </test-method> <!-- beforeMethod -->
        <test-method signature="verifyCountOfRecordsWillGetReducedAfterDeletingCategory()[pri:8, instance:regression.InventoryCategoryTest@7b02881e]" started-at="2023-01-02T15:29:16Z" name="verifyCountOfRecordsWillGetReducedAfterDeletingCategory" finished-at="2023-01-02T15:29:16Z" duration-ms="42" status="PASS">
          <reporter-output>
          </reporter-output>
        </test-method> <!-- verifyCountOfRecordsWillGetReducedAfterDeletingCategory -->
        <test-method is-config="true" signature="afterMethod(org.testng.ITestResult)[pri:0, instance:regression.InventoryCategoryTest@7b02881e]" started-at="2023-01-02T15:29:16Z" name="afterMethod" finished-at="2023-01-02T15:29:16Z" duration-ms="1" status="PASS">
          <params>
            <param index="0">
              <value>
                <![CDATA[[TestResult name=verifyCountOfRecordsWillGetReducedAfterDeletingCategory status=SUCCESS method=InventoryCategoryTest.verifyCountOfRecordsWillGetReducedAfterDeletingCategory()[pri:8, instance:regression.InventoryCategoryTest@7b02881e] output={null}]]]>
              </value>
            </param>
          </params>
          <reporter-output>
          </reporter-output>
        </test-method> <!-- afterMethod -->
        <test-method signature="verifyDeletedCategoryIsNotDisplayedOnCategoryPage()[pri:9, instance:regression.InventoryCategoryTest@7b02881e]" started-at="2023-01-02T15:29:16Z" name="verifyDeletedCategoryIsNotDisplayedOnCategoryPage" finished-at="2023-01-02T15:29:17Z" duration-ms="746" status="FAIL">
          <exception class="java.lang.AssertionError">
            <message>
              <![CDATA[The following asserts failed:
Deleted category name is still displayed on category page expected [false] but found [true]]]>
            </message>
            <full-stacktrace>
              <![CDATA[java.lang.AssertionError: The following asserts failed:
Deleted category name is still displayed on category page expected [false] but found [true]
at org.testng.asserts.SoftAssert.assertAll(SoftAssert.java:43)
at regression.InventoryCategoryTest.verifyDeletedCategoryIsNotDisplayedOnCategoryPage(InventoryCategoryTest.java:120)
at java.base/jdk.internal.reflect.NativeMethodAccessorImpl.invoke0(Native Method)
at java.base/jdk.internal.reflect.NativeMethodAccessorImpl.invoke(NativeMethodAccessorImpl.java:77)
at java.base/jdk.internal.reflect.DelegatingMethodAccessorImpl.invoke(DelegatingMethodAccessorImpl.java:43)
at java.base/java.lang.reflect.Method.invoke(Method.java:568)
at org.testng.internal.MethodInvocationHelper.invokeMethod(MethodInvocationHelper.java:124)
at org.testng.internal.Invoker.invokeMethod(Invoker.java:583)
at org.testng.internal.Invoker.invokeTestMethod(Invoker.java:719)
at org.testng.internal.Invoker.invokeTestMethods(Invoker.java:989)
at org.testng.internal.TestMethodWorker.invokeTestMethods(TestMethodWorker.java:125)
at org.testng.internal.TestMethodWorker.run(TestMethodWorker.java:109)
at org.testng.TestRunner.privateRun(TestRunner.java:648)
at org.testng.TestRunner.run(TestRunner.java:505)
at org.testng.SuiteRunner.runTest(SuiteRunner.java:455)
at org.testng.SuiteRunner.runSequentially(SuiteRunner.java:450)
at org.testng.SuiteRunner.privateRun(SuiteRunner.java:415)
at org.testng.SuiteRunner.run(SuiteRunner.java:364)
at org.testng.SuiteRunnerWorker.runSuite(SuiteRunnerWorker.java:52)
at org.testng.SuiteRunnerWorker.run(SuiteRunnerWorker.java:84)
at org.testng.TestNG.runSuitesSequentially(TestNG.java:1208)
at org.testng.TestNG.runSuitesLocally(TestNG.java:1137)
at org.testng.TestNG.runSuites(TestNG.java:1049)
at org.testng.TestNG.run(TestNG.java:1017)
at org.testng.remote.AbstractRemoteTestNG.run(AbstractRemoteTestNG.java:115)
at org.testng.remote.RemoteTestNG.initAndRun(RemoteTestNG.java:251)
at org.testng.remote.RemoteTestNG.main(RemoteTestNG.java:77)
]]>
            </full-stacktrace>
          </exception> <!-- java.lang.AssertionError -->
          <reporter-output>
          </reporter-output>
        </test-method> <!-- verifyDeletedCategoryIsNotDisplayedOnCategoryPage -->
        <test-method is-config="true" signature="beforeMethod(java.lang.reflect.Method)[pri:0, instance:regression.InventoryCategoryTest@7b02881e]" started-at="2023-01-02T15:29:16Z" name="beforeMethod" finished-at="2023-01-02T15:29:16Z" duration-ms="0" status="PASS">
          <params>
            <param index="0">
              <value>
                <![CDATA[public void regression.InventoryCategoryTest.verifyDeletedCategoryIsNotDisplayedOnCategoryPage()]]>
              </value>
            </param>
          </params>
          <reporter-output>
          </reporter-output>
        </test-method> <!-- beforeMethod -->
        <test-method is-config="true" signature="afterMethod(org.testng.ITestResult)[pri:0, instance:regression.InventoryCategoryTest@7b02881e]" started-at="2023-01-02T15:29:17Z" name="afterMethod" finished-at="2023-01-02T15:29:18Z" duration-ms="1030" status="PASS">
          <params>
            <param index="0">
              <value>
                <![CDATA[[TestResult name=verifyDeletedCategoryIsNotDisplayedOnCategoryPage status=FAILURE method=InventoryCategoryTest.verifyDeletedCategoryIsNotDisplayedOnCategoryPage()[pri:9, instance:regression.InventoryCategoryTest@7b02881e] output={null}]]]>
              </value>
            </param>
          </params>
          <reporter-output>
          </reporter-output>
        </test-method> <!-- afterMethod -->
        <test-method is-config="true" signature="afterClass()[pri:0, instance:regression.InventoryCategoryTest@7b02881e]" started-at="2023-01-02T15:29:18Z" name="afterClass" finished-at="2023-01-02T15:29:20Z" duration-ms="2646" status="PASS">
          <reporter-output>
          </reporter-output>
        </test-method> <!-- afterClass -->
        <test-method is-config="true" signature="afterSuiteMethod()[pri:0, instance:regression.InventoryCategoryTest@7b02881e]" started-at="2023-01-02T15:29:21Z" name="afterSuiteMethod" finished-at="2023-01-02T15:29:22Z" duration-ms="843" status="PASS">
          <reporter-output>
          </reporter-output>
        </test-method> <!-- afterSuiteMethod -->
      </class> <!-- regression.InventoryCategoryTest -->
    </test> <!-- Default test -->
  </suite> <!-- Default suite -->
</testng-results>
